<?xml version="1.0" encoding="UTF-8"?>
<!-- Generated by org.testng.reporters.JUnitXMLReporter -->
<testsuite ignored="0" hostname="Rakeshs-MacBook-Air.local" failures="0" tests="4" name="Default test" time="22.066" errors="0" timestamp="2025-04-22T13:52:16 IST">
  <testcase classname="com.qa.testcases.LoginTest" name="invalidLoginTest" time="2.017"/>
  <testcase classname="com.qa.testcases.LoginTest" name="invalidLoginTest" time="3.521"/>
  <testcase classname="com.qa.testcases.LoginTest" name="invalidLoginTest" time="1.625"/>
  <testcase classname="com.qa.testcases.LoginTest" name="loginTest" time="0.489"/>
</testsuite> <!-- Default test -->
