<?xml version="1.0" encoding="UTF-8"?>
<!-- Generated by org.testng.reporters.JUnitXMLReporter -->
<testsuite ignored="0" hostname="Rakeshs-MacBook-Air.local" failures="0" tests="4" name="Default test" time="28.678" errors="0" timestamp="2025-04-20T16:04:27 IST">
  <testcase classname="com.qa.testcases.LoginTest" name="invalidLoginTest" time="4.503"/>
  <testcase classname="com.qa.testcases.LoginTest" name="invalidLoginTest" time="3.504"/>
  <testcase classname="com.qa.testcases.LoginTest" name="invalidLoginTest" time="1.868"/>
  <testcase classname="com.qa.testcases.LoginTest" name="loginTest" time="2.153"/>
</testsuite> <!-- Default test -->
