<?xml version="1.0" encoding="UTF-8"?>
<!-- Generated by org.testng.reporters.JUnitXMLReporter -->
<testsuite ignored="0" hostname="Rakeshs-MacBook-Air.local" failures="0" tests="4" name="Login Tests" time="24.647" errors="0" timestamp="2025-04-19T00:16:23 IST">
  <testcase classname="com.qa.testcases.LoginTest" name="invalidLoginTest" time="2.189"/>
  <testcase classname="com.qa.testcases.LoginTest" name="invalidLoginTest" time="1.591"/>
  <testcase classname="com.qa.testcases.LoginTest" name="invalidLoginTest" time="1.98"/>
  <testcase classname="com.qa.testcases.LoginTest" name="loginTest" time="0.513"/>
</testsuite> <!-- Login Tests -->
