<?xml version="1.0" encoding="UTF-8"?>
<!-- Generated by org.testng.reporters.JUnitXMLReporter -->
<testsuite ignored="2" hostname="Rakeshs-MacBook-Air.local" failures="0" tests="1" name="Test" time="13.226" errors="0" timestamp="2025-04-18T23:39:00 IST">
  <testcase classname="com.qa.testcases.LogoutTest" name="logoutTest" time="7.425"/>
  <testcase classname="com.qa.base.BaseTest" name="@AfterSuite flushReport" time="0.0">
    <ignored/>
  </testcase> <!-- @AfterSuite flushReport -->
  <testcase classname="com.qa.base.BaseTest" name="@BeforeSuite setUpReport" time="0.0">
    <ignored/>
  </testcase> <!-- @BeforeSuite setUpReport -->
</testsuite> <!-- Test -->
