<?xml version="1.0" encoding="UTF-8"?>
<testng-results ignored="0" total="4" passed="4" failed="0" skipped="0">
  <reporter-output>
  </reporter-output>
  <suite started-at="2025-05-04T14:17:46 IST" name="Default suite" finished-at="2025-05-04T14:18:15 IST" duration-ms="29308">
    <groups>
    </groups>
    <test started-at="2025-05-04T14:17:46 IST" name="Default test" finished-at="2025-05-04T14:18:15 IST" duration-ms="29308">
      <class name="com.qa.testcases.LoginTest">
        <test-method is-config="true" signature="setUpReport()[pri:0, instance:com.qa.testcases.LoginTest@3c9754d8]" started-at="2025-05-04T14:17:45 IST" name="setUpReport" finished-at="2025-05-04T14:17:46 IST" duration-ms="95" status="PASS">
          <reporter-output>
          </reporter-output>
        </test-method> <!-- setUpReport -->
        <test-method is-config="true" signature="setUp()[pri:0, instance:com.qa.testcases.LoginTest@3c9754d8]" started-at="2025-05-04T14:17:46 IST" name="setUp" finished-at="2025-05-04T14:17:50 IST" duration-ms="4040" status="PASS">
          <reporter-output>
          </reporter-output>
        </test-method> <!-- setUp -->
        <test-method signature="invalidLoginTest(java.lang.String,java.lang.String)[pri:0, instance:com.qa.testcases.LoginTest@3c9754d8]" started-at="2025-05-04T14:17:50 IST" name="invalidLoginTest" data-provider="invalidData" finished-at="2025-05-04T14:17:51 IST" duration-ms="1858" status="PASS">
          <params>
            <param index="0">
              <value>
                <![CDATA[Admin]]>
              </value>
            </param>
            <param index="1">
              <value>
                <![CDATA[wrongpass]]>
              </value>
            </param>
          </params>
          <reporter-output>
          </reporter-output>
        </test-method> <!-- invalidLoginTest -->
        <test-method is-config="true" signature="tearDown(org.testng.ITestResult)[pri:0, instance:com.qa.testcases.LoginTest@3c9754d8]" started-at="2025-05-04T14:17:51 IST" name="tearDown" finished-at="2025-05-04T14:17:52 IST" duration-ms="89" status="PASS">
          <params>
            <param index="0">
              <value>
                <![CDATA[[TestResult name=invalidLoginTest status=SUCCESS method=LoginTest.invalidLoginTest(java.lang.String,java.lang.String)[pri:0, instance:com.qa.testcases.LoginTest@3c9754d8] output={null}]]]>
              </value>
            </param>
          </params>
          <reporter-output>
          </reporter-output>
        </test-method> <!-- tearDown -->
        <test-method is-config="true" signature="setUp()[pri:0, instance:com.qa.testcases.LoginTest@3c9754d8]" started-at="2025-05-04T14:17:52 IST" name="setUp" finished-at="2025-05-04T14:17:53 IST" duration-ms="1830" status="PASS">
          <reporter-output>
          </reporter-output>
        </test-method> <!-- setUp -->
        <test-method signature="invalidLoginTest(java.lang.String,java.lang.String)[pri:0, instance:com.qa.testcases.LoginTest@3c9754d8]" started-at="2025-05-04T14:17:53 IST" name="invalidLoginTest" data-provider="invalidData" finished-at="2025-05-04T14:18:01 IST" duration-ms="7866" status="PASS">
          <params>
            <param index="0">
              <value>
                <![CDATA[InvalidUser]]>
              </value>
            </param>
            <param index="1">
              <value>
                <![CDATA[admin123]]>
              </value>
            </param>
          </params>
          <reporter-output>
          </reporter-output>
        </test-method> <!-- invalidLoginTest -->
        <test-method is-config="true" signature="tearDown(org.testng.ITestResult)[pri:0, instance:com.qa.testcases.LoginTest@3c9754d8]" started-at="2025-05-04T14:18:01 IST" name="tearDown" finished-at="2025-05-04T14:18:01 IST" duration-ms="84" status="PASS">
          <params>
            <param index="0">
              <value>
                <![CDATA[[TestResult name=invalidLoginTest status=SUCCESS method=LoginTest.invalidLoginTest(java.lang.String,java.lang.String)[pri:0, instance:com.qa.testcases.LoginTest@3c9754d8] output={null}]]]>
              </value>
            </param>
          </params>
          <reporter-output>
          </reporter-output>
        </test-method> <!-- tearDown -->
        <test-method is-config="true" signature="setUp()[pri:0, instance:com.qa.testcases.LoginTest@3c9754d8]" started-at="2025-05-04T14:18:01 IST" name="setUp" finished-at="2025-05-04T14:18:05 IST" duration-ms="3864" status="PASS">
          <reporter-output>
          </reporter-output>
        </test-method> <!-- setUp -->
        <test-method signature="invalidLoginTest(java.lang.String,java.lang.String)[pri:0, instance:com.qa.testcases.LoginTest@3c9754d8]" started-at="2025-05-04T14:18:05 IST" name="invalidLoginTest" data-provider="invalidData" finished-at="2025-05-04T14:18:07 IST" duration-ms="1589" status="PASS">
          <params>
            <param index="0">
              <value>
                <![CDATA[test]]>
              </value>
            </param>
            <param index="1">
              <value>
                <![CDATA[test123]]>
              </value>
            </param>
          </params>
          <reporter-output>
          </reporter-output>
        </test-method> <!-- invalidLoginTest -->
        <test-method is-config="true" signature="tearDown(org.testng.ITestResult)[pri:0, instance:com.qa.testcases.LoginTest@3c9754d8]" started-at="2025-05-04T14:18:07 IST" name="tearDown" finished-at="2025-05-04T14:18:07 IST" duration-ms="89" status="PASS">
          <params>
            <param index="0">
              <value>
                <![CDATA[[TestResult name=invalidLoginTest status=SUCCESS method=LoginTest.invalidLoginTest(java.lang.String,java.lang.String)[pri:0, instance:com.qa.testcases.LoginTest@3c9754d8] output={null}]]]>
              </value>
            </param>
          </params>
          <reporter-output>
          </reporter-output>
        </test-method> <!-- tearDown -->
        <test-method is-config="true" signature="setUp()[pri:0, instance:com.qa.testcases.LoginTest@3c9754d8]" started-at="2025-05-04T14:18:07 IST" name="setUp" finished-at="2025-05-04T14:18:09 IST" duration-ms="2075" status="PASS">
          <reporter-output>
          </reporter-output>
        </test-method> <!-- setUp -->
        <test-method signature="loginTest()[pri:0, instance:com.qa.testcases.LoginTest@3c9754d8]" started-at="2025-05-04T14:18:09 IST" name="loginTest" finished-at="2025-05-04T14:18:15 IST" duration-ms="5820" status="PASS">
          <reporter-output>
          </reporter-output>
        </test-method> <!-- loginTest -->
        <test-method is-config="true" signature="tearDown(org.testng.ITestResult)[pri:0, instance:com.qa.testcases.LoginTest@3c9754d8]" started-at="2025-05-04T14:18:15 IST" name="tearDown" finished-at="2025-05-04T14:18:15 IST" duration-ms="86" status="PASS">
          <params>
            <param index="0">
              <value>
                <![CDATA[[TestResult name=loginTest status=SUCCESS method=LoginTest.loginTest()[pri:0, instance:com.qa.testcases.LoginTest@3c9754d8] output={null}]]]>
              </value>
            </param>
          </params>
          <reporter-output>
          </reporter-output>
        </test-method> <!-- tearDown -->
        <test-method is-config="true" signature="flushReport()[pri:0, instance:com.qa.testcases.LoginTest@3c9754d8]" started-at="2025-05-04T14:18:15 IST" name="flushReport" finished-at="2025-05-04T14:18:15 IST" duration-ms="111" status="PASS">
          <reporter-output>
          </reporter-output>
        </test-method> <!-- flushReport -->
      </class> <!-- com.qa.testcases.LoginTest -->
    </test> <!-- Default test -->
  </suite> <!-- Default suite -->
</testng-results>
